<?xml version="1.0" encoding="UTF-8"?>
<!-- Generated by org.testng.reporters.JUnitReportReporter -->
<testsuite hostname="LAPTOP-K8DJ9BK7" failures="0" tests="1" name="Withoutparameter.checkapachePOi" time="0.617" errors="0" timestamp="2023-08-30T16:24:14 IST" skipped="0">
  <testcase classname="Withoutparameter.checkapachePOi" name="checexcelfile" time="0.617"/>
  <system-out/>
</testsuite> <!-- Withoutparameter.checkapachePOi -->
