<?xml version="1.0" encoding="UTF-8"?>
<!-- Generated by org.testng.reporters.JUnitReportReporter -->
<testsuite hostname="LAPTOP-K8DJ9BK7" failures="0" tests="1" name="Withoutparameter.TcPBveriftynamewithparameter" time="17.757" errors="0" timestamp="2023-08-30T18:50:31 IST" skipped="0">
  <testcase classname="Withoutparameter.TcPBveriftynamewithparameter" name="Verify" time="17.757"/>
  <system-out/>
</testsuite> <!-- Withoutparameter.TcPBveriftynamewithparameter -->
